File: Assign1/changes.log
   76|<span class = "Delete">    53|      |-     2|      |-  268|Todo=$(grep -rnIE ${TIgnore[@]/#/--exclude=} &quot;//TODO|#TODO&quot; )</span>
   77|<span class = "Delete">    54|      |-      |     2|+  266|Todo=$(grep -rnIE ${TIgnore[@]/#/--exclude=} &quot;//TODO|#TODO&quot; )</span>
   79|<span class = "Delete">    56|      |-     4|     4|     6|grep -rnIE ${Something[@]/#/--exclude=} &quot;#TODO&quot;</span>
File: Assign1/testscript.sh
    6|grep -rnIE ${Something[@]/#/--exclude=} "#TODO"
File: Assign1/todo.log
    2|  265|Todo=$(grep -rnIE ${TIgnore[@]/#/--exclude=} "//TODO|#TODO" )
    4|    6|grep -rnIE ${Something[@]/#/--exclude=} "#TODO"
File: changes.log
   31|<span class = "Delete">    22|      |-&lt;span&gt;   265|   265| Todo=$(grep -rnIE ${TIgnore[@]/#/--exclude=} &amp;quot;//TODO|#TODO&amp;quot; )&lt;/span&gt;</span>
   99|<span class = "Delete">    90|      |-&lt;span class = &quot;Delete&quot;&gt;    53|      |-     2|      |-  268|Todo=$(grep -rnIE ${TIgnore[@]/#/--exclude=} &amp;quot;//TODO|#TODO&amp;quot; )&lt;/span&gt;</span>
  100|<span class = "Delete">    91|      |-&lt;span class = &quot;Delete&quot;&gt;    54|      |-      |     2|+  266|Todo=$(grep -rnIE ${TIgnore[@]/#/--exclude=} &amp;quot;//TODO|#TODO&amp;quot; )&lt;/span&gt;</span>
  102|<span class = "Delete">    93|      |-&lt;span class = &quot;Delete&quot;&gt;    56|      |-     4|     4|     6|grep -rnIE ${Something[@]/#/--exclude=} &amp;quot;#TODO&amp;quot;&lt;/span&gt;</span>
  171|<span class = "Delete">   162|      |-&lt;span class = &quot;Add&quot;&gt;      |    76|+&amp;lt;span class = &amp;quot;Delete&amp;quot;&amp;gt;    53|      |-     2|      |-  268|Todo=$(grep -rnIE ${TIgnore[@]/#/--exclude=} &amp;amp;quot;//TODO|#TODO&amp;amp;quot; )&amp;lt;/span&amp;gt;&lt;/span&gt; </span>
  172|<span class = "Delete">   163|      |-&lt;span class = &quot;Add&quot;&gt;      |    77|+&amp;lt;span class = &amp;quot;Delete&amp;quot;&amp;gt;    54|      |-      |     2|+  266|Todo=$(grep -rnIE ${TIgnore[@]/#/--exclude=} &amp;amp;quot;//TODO|#TODO&amp;amp;quot; )&amp;lt;/span&amp;gt;&lt;/span&gt; </span>
  174|<span class = "Delete">   165|      |-&lt;span class = &quot;Add&quot;&gt;      |    79|+&amp;lt;span class = &amp;quot;Delete&amp;quot;&amp;gt;    56|      |-     4|     4|     6|grep -rnIE ${Something[@]/#/--exclude=} &amp;amp;quot;#TODO&amp;amp;quot;&amp;lt;/span&amp;gt;&lt;/span&gt; </span>
  208|<span class = "Delete">   199|      |-&lt;span&gt;   265|   265| Todo=$(grep -rnIE ${TIgnore[@]/#/--exclude=} &amp;quot;//TODO|#TODO&amp;quot; )&lt;/span&gt;</span>
  248|<span class = "Delete">   239|      |-&lt;span class = &quot;Delete&quot;&gt;     2|      |-   53|     2|      |-  268|Todo=$(grep -rnIE ${TIgnore[@]/#/--exclude=} &amp;quot;//TODO|#TODO&amp;quot; )&lt;/span&gt;</span>
  249|<span class = "Delete">   240|      |-&lt;span class = &quot;Delete&quot;&gt;     3|      |-   54|      |     2|+  266|Todo=$(grep -rnIE ${TIgnore[@]/#/--exclude=} &amp;quot;//TODO|#TODO&amp;quot; )&lt;/span&gt;</span>
  250|<span class = "Delete">   241|      |-&lt;span class = &quot;Delete&quot;&gt;     4|      |-   56|     4|     4|     6|grep -rnIE ${Something[@]/#/--exclude=} &amp;quot;#TODO&amp;quot;&lt;/span&gt;</span>
  252|<span class = "Delete">   243|      |-&lt;span class = &quot;Delete&quot;&gt;     6|      |-  265|Todo=$(grep -rnIE ${TIgnore[@]/#/--exclude=} &amp;quot;//TODO|#TODO&amp;quot; )&lt;/span&gt;</span>
  254|<span class = "Delete">   245|      |-&lt;span&gt;     8|     2|     6|grep -rnIE ${Something[@]/#/--exclude=} &amp;quot;#TODO&amp;quot;&lt;/span&gt;</span>
  256|<span class = "Delete">   247|      |-&lt;span class = &quot;Delete&quot;&gt;    10|      |-    2|  265|Todo=$(grep -rnIE ${TIgnore[@]/#/--exclude=} &amp;quot;//TODO|#TODO&amp;quot; )&lt;/span&gt;</span>
  257|<span class = "Delete">   248|      |-&lt;span class = &quot;Delete&quot;&gt;    11|      |-    4|    6|grep -rnIE ${Something[@]/#/--exclude=} &amp;quot;#TODO&amp;quot;&lt;/span&gt;</span>
  259|<span class = "Delete">   250|      |-&lt;span class = &quot;Delete&quot;&gt;    13|      |-  265|Todo=$(grep -rnIE ${TIgnore[@]/#/--exclude=} &amp;quot;//TODO|#TODO&amp;quot; )&lt;/span&gt;</span>
  264|<span class = "Add">      |     2|+   76|&lt;span class = &quot;Delete&quot;&gt;    53|      |-     2|      |-  268|Todo=$(grep -rnIE ${TIgnore[@]/#/--exclude=} &amp;quot;//TODO|#TODO&amp;quot; )&lt;/span&gt;</span> 
  265|<span class = "Add">      |     3|+   77|&lt;span class = &quot;Delete&quot;&gt;    54|      |-      |     2|+  266|Todo=$(grep -rnIE ${TIgnore[@]/#/--exclude=} &amp;quot;//TODO|#TODO&amp;quot; )&lt;/span&gt;</span> 
  266|<span class = "Add">      |     4|+   79|&lt;span class = &quot;Delete&quot;&gt;    56|      |-     4|     4|     6|grep -rnIE ${Something[@]/#/--exclude=} &amp;quot;#TODO&amp;quot;&lt;/span&gt;</span> 
  268|<span>     2|     6|     6|grep -rnIE ${Something[@]/#/--exclude=} &quot;#TODO&quot;</span>
  270|<span class = "Add">      |     8|+    2|  265|Todo=$(grep -rnIE ${TIgnore[@]/#/--exclude=} &quot;//TODO|#TODO&quot; )</span> 
  271|<span class = "Add">      |     9|+    4|    6|grep -rnIE ${Something[@]/#/--exclude=} &quot;#TODO&quot;</span> 
  273|<span class = "Add">      |    11|+   30|&lt;span class = &quot;Delete&quot;&gt;    22|      |-&amp;lt;span&amp;gt;   265|   265| Todo=$(grep -rnIE ${TIgnore[@]/#/--exclude=} &amp;amp;quot;//TODO|#TODO&amp;amp;quot; )&amp;lt;/span&amp;gt;&lt;/span&gt;</span> 
  274|<span class = "Add">      |    12|+   98|&lt;span class = &quot;Delete&quot;&gt;    90|      |-&amp;lt;span class = &amp;quot;Delete&amp;quot;&amp;gt;    53|      |-     2|      |-  268|Todo=$(grep -rnIE ${TIgnore[@]/#/--exclude=} &amp;amp;quot;//TODO|#TODO&amp;amp;quot; )&amp;lt;/span&amp;gt;&lt;/span&gt;</span> 
  275|<span class = "Add">      |    13|+   99|&lt;span class = &quot;Delete&quot;&gt;    91|      |-&amp;lt;span class = &amp;quot;Delete&amp;quot;&amp;gt;    54|      |-      |     2|+  266|Todo=$(grep -rnIE ${TIgnore[@]/#/--exclude=} &amp;amp;quot;//TODO|#TODO&amp;amp;quot; )&amp;lt;/span&amp;gt;&lt;/span&gt;</span> 
  276|<span class = "Add">      |    14|+  101|&lt;span class = &quot;Delete&quot;&gt;    93|      |-&amp;lt;span class = &amp;quot;Delete&amp;quot;&amp;gt;    56|      |-     4|     4|     6|grep -rnIE ${Something[@]/#/--exclude=} &amp;amp;quot;#TODO&amp;amp;quot;&amp;lt;/span&amp;gt;&lt;/span&gt;</span> 
  277|<span class = "Add">      |    15|+  170|&lt;span class = &quot;Delete&quot;&gt;   162|      |-&amp;lt;span class = &amp;quot;Add&amp;quot;&amp;gt;      |    76|+&amp;amp;lt;span class = &amp;amp;quot;Delete&amp;amp;quot;&amp;amp;gt;    53|      |-     2|      |-  268|Todo=$(grep -rnIE ${TIgnore[@]/#/--exclude=} &amp;amp;amp;quot;//TODO|#TODO&amp;amp;amp;quot; )&amp;amp;lt;/span&amp;amp;gt;&amp;lt;/span&amp;gt; &lt;/span&gt;</span> 
  278|<span class = "Add">      |    16|+  171|&lt;span class = &quot;Delete&quot;&gt;   163|      |-&amp;lt;span class = &amp;quot;Add&amp;quot;&amp;gt;      |    77|+&amp;amp;lt;span class = &amp;amp;quot;Delete&amp;amp;quot;&amp;amp;gt;    54|      |-      |     2|+  266|Todo=$(grep -rnIE ${TIgnore[@]/#/--exclude=} &amp;amp;amp;quot;//TODO|#TODO&amp;amp;amp;quot; )&amp;amp;lt;/span&amp;amp;gt;&amp;lt;/span&amp;gt; &lt;/span&gt;</span> 
  279|<span class = "Add">      |    17|+  173|&lt;span class = &quot;Delete&quot;&gt;   165|      |-&amp;lt;span class = &amp;quot;Add&amp;quot;&amp;gt;      |    79|+&amp;amp;lt;span class = &amp;amp;quot;Delete&amp;amp;quot;&amp;amp;gt;    56|      |-     4|     4|     6|grep -rnIE ${Something[@]/#/--exclude=} &amp;amp;amp;quot;#TODO&amp;amp;amp;quot;&amp;amp;lt;/span&amp;amp;gt;&amp;lt;/span&amp;gt; &lt;/span&gt;</span> 
  280|<span class = "Add">      |    18|+  207|&lt;span class = &quot;Delete&quot;&gt;   199|      |-&amp;lt;span&amp;gt;   265|   265| Todo=$(grep -rnIE ${TIgnore[@]/#/--exclude=} &amp;amp;quot;//TODO|#TODO&amp;amp;quot; )&amp;lt;/span&amp;gt;&lt;/span&gt;</span> 
  281|<span class = "Add">      |    19|+  247|&lt;span class = &quot;Delete&quot;&gt;   239|      |-&amp;lt;span class = &amp;quot;Delete&amp;quot;&amp;gt;     2|      |-   53|     2|      |-  268|Todo=$(grep -rnIE ${TIgnore[@]/#/--exclude=} &amp;amp;quot;//TODO|#TODO&amp;amp;quot; )&amp;lt;/span&amp;gt;&lt;/span&gt;</span> 
  282|<span class = "Add">      |    20|+  248|&lt;span class = &quot;Delete&quot;&gt;   240|      |-&amp;lt;span class = &amp;quot;Delete&amp;quot;&amp;gt;     3|      |-   54|      |     2|+  266|Todo=$(grep -rnIE ${TIgnore[@]/#/--exclude=} &amp;amp;quot;//TODO|#TODO&amp;amp;quot; )&amp;lt;/span&amp;gt;&lt;/span&gt;</span> 
  283|<span class = "Add">      |    21|+  249|&lt;span class = &quot;Delete&quot;&gt;   241|      |-&amp;lt;span class = &amp;quot;Delete&amp;quot;&amp;gt;     4|      |-   56|     4|     4|     6|grep -rnIE ${Something[@]/#/--exclude=} &amp;amp;quot;#TODO&amp;amp;quot;&amp;lt;/span&amp;gt;&lt;/span&gt;</span> 
  284|<span class = "Add">      |    22|+  251|&lt;span class = &quot;Delete&quot;&gt;   243|      |-&amp;lt;span class = &amp;quot;Delete&amp;quot;&amp;gt;     6|      |-  265|Todo=$(grep -rnIE ${TIgnore[@]/#/--exclude=} &amp;amp;quot;//TODO|#TODO&amp;amp;quot; )&amp;lt;/span&amp;gt;&lt;/span&gt;</span> 
  285|<span class = "Add">      |    23|+  253|&lt;span class = &quot;Delete&quot;&gt;   245|      |-&amp;lt;span&amp;gt;     8|     2|     6|grep -rnIE ${Something[@]/#/--exclude=} &amp;amp;quot;#TODO&amp;amp;quot;&amp;lt;/span&amp;gt;&lt;/span&gt;</span> 
  286|<span class = "Add">      |    24|+  255|&lt;span class = &quot;Delete&quot;&gt;   247|      |-&amp;lt;span class = &amp;quot;Delete&amp;quot;&amp;gt;    10|      |-    2|  265|Todo=$(grep -rnIE ${TIgnore[@]/#/--exclude=} &amp;amp;quot;//TODO|#TODO&amp;amp;quot; )&amp;lt;/span&amp;gt;&lt;/span&gt;</span> 
  287|<span class = "Add">      |    25|+  256|&lt;span class = &quot;Delete&quot;&gt;   248|      |-&amp;lt;span class = &amp;quot;Delete&amp;quot;&amp;gt;    11|      |-    4|    6|grep -rnIE ${Something[@]/#/--exclude=} &amp;amp;quot;#TODO&amp;amp;quot;&amp;lt;/span&amp;gt;&lt;/span&gt;</span> 
  288|<span class = "Add">      |    26|+  258|&lt;span class = &quot;Delete&quot;&gt;   250|      |-&amp;lt;span class = &amp;quot;Delete&amp;quot;&amp;gt;    13|      |-  265|Todo=$(grep -rnIE ${TIgnore[@]/#/--exclude=} &amp;amp;quot;//TODO|#TODO&amp;amp;quot; )&amp;lt;/span&amp;gt;&lt;/span&gt;</span> 
